<?xml version="1.0" encoding="UTF-8"?>
<!-- Generated by org.testng.reporters.JUnitReportReporter -->
<testsuite hostname="DELL-PC" name="com.testcases.LoginTest" tests="3" failures="0" timestamp="6 Jul 2016 04:14:21 GMT" time="0.018" errors="0">
  <testcase name="tc_1" time="0.016" classname="com.testcases.LoginTest"/>
  <testcase name="tc_3" time="0.001" classname="com.testcases.LoginTest"/>
  <testcase name="tc_2" time="0.001" classname="com.testcases.LoginTest"/>
</testsuite> <!-- com.testcases.LoginTest -->
